#
# There is insufficient memory for the Java Runtime Environment to continue.
# Native memory allocation (mmap) failed to map 132120576 bytes for G1 virtual space
# Possible reasons:
#   The system is out of physical RAM or swap space
#   The process is running with CompressedOops enabled, and the Java Heap may be blocking the growth of the native heap
# Possible solutions:
#   Reduce memory load on the system
#   Increase physical memory or swap space
#   Check if swap backing store is full
#   Decrease Java heap size (-Xmx/-Xms)
#   Decrease number of Java threads
#   Decrease Java thread stack sizes (-Xss)
#   Set larger code cache with -XX:ReservedCodeCacheSize=
#   JVM is running with Unscaled Compressed Oops mode in which the Java heap is
#     placed in the first 4GB address space. The Java Heap base address is the
#     maximum limit for the native heap growth. Please use -XX:HeapBaseMinAddress
#     to set the Java Heap base and to place the Java Heap above 4GB virtual address.
# This output file may be truncated or incomplete.
#
#  Out of Memory Error (os_windows.cpp:3528), pid=20828, tid=7276
#
# JRE version:  (20.0.2+9) (build )
# Java VM: Java HotSpot(TM) 64-Bit Server VM (20.0.2+9-78, mixed mode, sharing, tiered, compressed oops, compressed class ptrs, g1 gc, windows-amd64)
# No core dump will be written. Minidumps are not enabled by default on client versions of Windows
#

---------------  S U M M A R Y ------------

Command Line: -Dfile.encoding=UTF-8 -Dstdout.encoding=UTF-8 -Dstderr.encoding=UTF-8 -XX:+ShowCodeDetailsInExceptionMessages Main

Host: Intel(R) Core(TM) i5-6200U CPU @ 2.30GHz, 4 cores, 7G,  Windows 10 , 64 bit Build 19041 (10.0.19041.3570)
Time: Sun Nov  5 18:30:34 2023 Hora estándar romance elapsed time: 0.239746 seconds (0d 0h 0m 0s)

---------------  T H R E A D  ---------------

Current thread (0x000002a02ce38c30):  JavaThread "Unknown thread" [_thread_in_vm, id=7276, stack(0x000000b679400000,0x000000b679500000)]

Stack: [0x000000b679400000,0x000000b679500000]
Native frames: (J=compiled Java code, j=interpreted, Vv=VM code, C=native code)
V  [jvm.dll+0x6bc25a]
V  [jvm.dll+0x84971a]
V  [jvm.dll+0x84b315]
V  [jvm.dll+0x84ba13]
V  [jvm.dll+0x280e4f]
V  [jvm.dll+0x6b8fe9]
V  [jvm.dll+0x6adbca]
V  [jvm.dll+0x35b165]
V  [jvm.dll+0x363386]
V  [jvm.dll+0x3b400e]
V  [jvm.dll+0x3b4295]
V  [jvm.dll+0x32b86a]
V  [jvm.dll+0x32c68b]
V  [jvm.dll+0x8123df]
V  [jvm.dll+0x3c1261]
V  [jvm.dll+0x7fe103]
V  [jvm.dll+0x44ccaf]
V  [jvm.dll+0x44e621]
C  [jli.dll+0x5287]
C  [ucrtbase.dll+0x21bb2]
C  [KERNEL32.DLL+0x17344]
C  [ntdll.dll+0x526b1]


---------------  P R O C E S S  ---------------

Threads class SMR info:
_java_thread_list=0x00007ffb5d9cb118, length=0, elements={
}

Java Threads: ( => current thread )

Other Threads:
  0x000002a02ce99be0 WorkerThread "GC Thread#0" [stack: 0x000000b679500000,0x000000b679600000] [id=21512]
  0x000002a02ceab590 ConcurrentGCThread "G1 Main Marker" [stack: 0x000000b679600000,0x000000b679700000] [id=19660]
  0x000002a02cead820 WorkerThread "G1 Conc#0" [stack: 0x000000b679700000,0x000000b679800000] [id=20784]

[error occurred during error reporting (printing all threads), id 0xc0000005, EXCEPTION_ACCESS_VIOLATION (0xc0000005) at pc=0x00007ffb5d1aeea7]
VM state: not at safepoint (not fully initialized)

VM Mutex/Monitor currently owned by a thread:  ([mutex/lock_event])
[0x000002a02ce35210] Heap_lock - owner thread: 0x000002a02ce38c30

Heap address: 0x0000000082400000, size: 2012 MB, Compressed Oops mode: 32-bit

CDS archive(s) mapped at: [0x0000000000000000-0x0000000000000000-0x0000000000000000), size 0, SharedBaseAddress: 0x0000000800000000, ArchiveRelocationMode: 1.
Narrow klass base: 0x0000000000000000, Narrow klass shift: 0, Narrow klass range: 0x0

GC Precious Log:
 CardTable entry size: 512
 Card Set container configuration: InlinePtr #cards 5 size 8 Array Of Cards #cards 12 size 40 Howl #buckets 4 coarsen threshold 1843 Howl Bitmap #cards 512 size 80 coarsen threshold 460 Card regions per heap region 1 cards per card region 2048

Heap:
 garbage-first heap   total 0K, used 0K [0x0000000082400000, 0x0000000100000000)
  region size 1024K, 0 young (0K), 0 survivors (0K)

[error occurred during error reporting (printing heap information), id 0xc0000005, EXCEPTION_ACCESS_VIOLATION (0xc0000005) at pc=0x00007ffb5d5847b9]
GC Heap History (0 events):
No events

Dll operation events (1 events):
Event: 0.019 Loaded shared library C:\Program Files\Java\jdk-20\bin\java.dll

Deoptimization events (0 events):
No events

Classes loaded (0 events):
No events

Classes unloaded (0 events):
No events

Classes redefined (0 events):
No events

Internal exceptions (0 events):
No events

VM Operations (0 events):
No events

Events (0 events):
No events


Dynamic libraries:
0x00007ff6eb8e0000 - 0x00007ff6eb8f0000 	C:\Program Files\Java\jdk-20\bin\javaw.exe
0x00007ffba17b0000 - 0x00007ffba19a7000 	C:\WINDOWS\SYSTEM32\ntdll.dll
0x00007ffb9f870000 - 0x00007ffb9f92d000 	C:\WINDOWS\System32\KERNEL32.DLL
0x00007ffb9f3e0000 - 0x00007ffb9f6d6000 	C:\WINDOWS\System32\KERNELBASE.dll
0x00007ffb9f2e0000 - 0x00007ffb9f3e0000 	C:\WINDOWS\System32\ucrtbase.dll
0x00007ffb98dc0000 - 0x00007ffb98dd9000 	C:\Program Files\Java\jdk-20\bin\jli.dll
0x00007ffb9fd30000 - 0x00007ffb9fdde000 	C:\WINDOWS\System32\ADVAPI32.dll
0x00007ffba1260000 - 0x00007ffba12fe000 	C:\WINDOWS\System32\msvcrt.dll
0x00007ffba05f0000 - 0x00007ffba068c000 	C:\WINDOWS\System32\sechost.dll
0x00007ffba1130000 - 0x00007ffba1256000 	C:\WINDOWS\System32\RPCRT4.dll
0x00007ffb9f9b0000 - 0x00007ffb9fb4e000 	C:\WINDOWS\System32\USER32.dll
0x00007ffb9f6e0000 - 0x00007ffb9f702000 	C:\WINDOWS\System32\win32u.dll
0x00007ffba09f0000 - 0x00007ffba0a1c000 	C:\WINDOWS\System32\GDI32.dll
0x00007ffb9eff0000 - 0x00007ffb9f10a000 	C:\WINDOWS\System32\gdi32full.dll
0x00007ffb9f7d0000 - 0x00007ffb9f86d000 	C:\WINDOWS\System32\msvcp_win.dll
0x00007ffb9a2d0000 - 0x00007ffb9a2eb000 	C:\Program Files\Java\jdk-20\bin\VCRUNTIME140.dll
0x00007ffb8b3f0000 - 0x00007ffb8b68a000 	C:\WINDOWS\WinSxS\amd64_microsoft.windows.common-controls_6595b64144ccf1df_6.0.19041.3570_none_60bb2a3971f3e41a\COMCTL32.dll
0x00007ffb9a810000 - 0x00007ffb9a81a000 	C:\WINDOWS\SYSTEM32\VERSION.dll
0x00007ffba0a80000 - 0x00007ffba0ab0000 	C:\WINDOWS\System32\IMM32.DLL
0x00007ffb9b030000 - 0x00007ffb9b03c000 	C:\Program Files\Java\jdk-20\bin\vcruntime140_1.dll
0x00007ffb7db30000 - 0x00007ffb7dbbe000 	C:\Program Files\Java\jdk-20\bin\msvcp140.dll
0x00007ffb5ce70000 - 0x00007ffb5db08000 	C:\Program Files\Java\jdk-20\bin\server\jvm.dll
0x00007ffb88e90000 - 0x00007ffb88e99000 	C:\WINDOWS\SYSTEM32\WSOCK32.dll
0x00007ffb9fc60000 - 0x00007ffb9fccb000 	C:\WINDOWS\System32\WS2_32.dll
0x00007ffb8dac0000 - 0x00007ffb8dae7000 	C:\WINDOWS\SYSTEM32\WINMM.dll
0x00007ffb9ccb0000 - 0x00007ffb9ccc2000 	C:\WINDOWS\SYSTEM32\kernel.appcore.dll
0x00007ffb9a990000 - 0x00007ffb9a99a000 	C:\Program Files\Java\jdk-20\bin\jimage.dll
0x00007ffb8c620000 - 0x00007ffb8c804000 	C:\WINDOWS\SYSTEM32\DBGHELP.DLL
0x00007ffb8c2a0000 - 0x00007ffb8c2d4000 	C:\WINDOWS\SYSTEM32\dbgcore.DLL
0x00007ffb9f710000 - 0x00007ffb9f792000 	C:\WINDOWS\System32\bcryptPrimitives.dll
0x00007ffb96e10000 - 0x00007ffb96e36000 	C:\Program Files\Java\jdk-20\bin\java.dll

dbghelp: loaded successfully - version: 4.0.5 - missing functions: none
symbol engine: initialized successfully - sym options: 0x614 - pdb path: .;C:\Program Files\Java\jdk-20\bin;C:\WINDOWS\SYSTEM32;C:\WINDOWS\WinSxS\amd64_microsoft.windows.common-controls_6595b64144ccf1df_6.0.19041.3570_none_60bb2a3971f3e41a;C:\Program Files\Java\jdk-20\bin\server

VM Arguments:
jvm_args: -Dfile.encoding=UTF-8 -Dstdout.encoding=UTF-8 -Dstderr.encoding=UTF-8 -XX:+ShowCodeDetailsInExceptionMessages 
java_command: Main
java_class_path (initial): C:\Users\delfo\eclipse-workspace\PACM03b_RojasDelfin\bin
Launcher Type: SUN_STANDARD

[Global flags]
     intx CICompilerCount                          = 3                                         {product} {ergonomic}
     uint ConcGCThreads                            = 1                                         {product} {ergonomic}
     uint G1ConcRefinementThreads                  = 4                                         {product} {ergonomic}
   size_t G1HeapRegionSize                         = 1048576                                   {product} {ergonomic}
    uintx GCDrainStackTargetSize                   = 64                                        {product} {ergonomic}
   size_t InitialHeapSize                          = 132120576                                 {product} {ergonomic}
   size_t MarkStackSize                            = 4194304                                   {product} {ergonomic}
   size_t MaxHeapSize                              = 2109734912                                {product} {ergonomic}
   size_t MinHeapDeltaBytes                        = 1048576                                   {product} {ergonomic}
   size_t MinHeapSize                              = 8388608                                   {product} {ergonomic}
    uintx NonNMethodCodeHeapSize                   = 5832780                                {pd product} {ergonomic}
    uintx NonProfiledCodeHeapSize                  = 122912730                              {pd product} {ergonomic}
    uintx ProfiledCodeHeapSize                     = 122912730                              {pd product} {ergonomic}
    uintx ReservedCodeCacheSize                    = 251658240                              {pd product} {ergonomic}
     bool SegmentedCodeCache                       = true                                      {product} {ergonomic}
     bool ShowCodeDetailsInExceptionMessages       = true                                   {manageable} {command line}
   size_t SoftMaxHeapSize                          = 2109734912                             {manageable} {ergonomic}
     bool UseCompressedClassPointers               = true                           {product lp64_product} {ergonomic}
     bool UseCompressedOops                        = true                           {product lp64_product} {ergonomic}
     bool UseG1GC                                  = true                                      {product} {ergonomic}
     bool UseLargePagesIndividualAllocation        = false                                  {pd product} {ergonomic}

Logging:
Log output configuration:
 #0: stdout all=warning uptime,level,tags foldmultilines=false
 #1: stderr all=off uptime,level,tags foldmultilines=false

Environment Variables:
PATH=C:\oraclexe\dbhomeXE\bin;C:\Program Files\Common Files\Oracle\Java\javapath;C:\Program Files (x86)\Common Files\Oracle\Java\javapath;C:\Program Files\Microsoft\jdk-11.0.16.101-hotspot\bin;C:\Program Files (x86)\Intel\iCLS Client\;C:\Program Files\Intel\iCLS Client\;C:\Windows\system32;C:\Windows;C:\Windows\System32\Wbem;C:\Windows\System32\WindowsPowerShell\v1.0\;C:\Program Files (x86)\Intel\Intel(R) Management Engine Components\DAL;C:\Program Files\Intel\Intel(R) Management Engine Components\DAL;C:\Program Files (x86)\Intel\Intel(R) Management Engine Components\IPT;C:\Program Files\Intel\Intel(R) Management Engine Components\IPT;C:\Program Files (x86)\NVIDIA Corporation\PhysX\Common;C:\WINDOWS\system32;C:\WINDOWS;C:\WINDOWS\System32\Wbem;C:\WINDOWS\System32\WindowsPowerShell\v1.0\;C:\WINDOWS\System32\OpenSSH\;C:\Program Files\Git\cmd;C:\Program Files\Microsoft SQL Server\150\Tools\Binn\;C:\Users\delfo\AppData\Local\Programs\Python\Launcher\;C:\Users\delfo\AppData\Local\Microsoft\WindowsApps;C:\Users\delfo\AppData\Local\Programs\Microsoft VS Code\bin
USERNAME=delfo
OS=Windows_NT
PROCESSOR_IDENTIFIER=Intel64 Family 6 Model 78 Stepping 3, GenuineIntel
TMP=C:\Users\delfo\AppData\Local\Temp
TEMP=C:\Users\delfo\AppData\Local\Temp




---------------  S Y S T E M  ---------------

OS:
 Windows 10 , 64 bit Build 19041 (10.0.19041.3570)
OS uptime: 5 days 17:14 hours

CPU: total 4 (initial active 4) (2 cores per cpu, 2 threads per core) family 6 model 78 stepping 3 microcode 0xcc, cx8, cmov, fxsr, ht, mmx, 3dnowpref, sse, sse2, sse3, ssse3, sse4.1, sse4.2, popcnt, lzcnt, tsc, tscinvbit, avx, avx2, aes, erms, clmul, bmi1, bmi2, adx, fma, vzeroupper, clflush, clflushopt, rdtscp, f16c

Memory: 4k page, system-wide physical 8040M (728M free)
TotalPageFile size 32616M (AvailPageFile size 34M)
current process WorkingSet (physical memory assigned to process): 10M, peak: 10M
current process commit charge ("private bytes"): 51M, peak: 177M

vm_info: Java HotSpot(TM) 64-Bit Server VM (20.0.2+9-78) for windows-amd64 JRE (20.0.2+9-78), built on 2023-06-14T10:08:48Z by "mach5one" with MS VC++ 17.1 (VS2022)

END.
